[0.607s] DEBUG:colcon:Command line arguments: ['/usr/bin/colcon', 'build', '--symlink-install']
[0.608s] DEBUG:colcon:Parsed command line arguments: Namespace(log_base=None, log_level=None, verb_name='build', build_base='build', install_base='install', merge_install=False, symlink_install=True, test_result_base=None, continue_on_error=False, executor='parallel', parallel_workers=8, event_handlers=None, ignore_user_meta=False, metas=['./colcon.meta'], base_paths=['.'], packages_ignore=None, packages_ignore_regex=None, paths=None, packages_up_to=None, packages_up_to_regex=None, packages_above=None, packages_above_and_dependencies=None, packages_above_depth=None, packages_select_by_dep=None, packages_skip_by_dep=None, packages_skip_up_to=None, packages_select_build_failed=False, packages_skip_build_finished=False, packages_select_test_failures=False, packages_skip_test_passed=False, packages_select=None, packages_skip=None, packages_select_regex=None, packages_skip_regex=None, packages_start=None, packages_end=None, allow_overriding=[], cmake_args=None, cmake_target=None, cmake_target_skip_unavailable=False, cmake_clean_cache=False, cmake_clean_first=False, cmake_force_configure=False, ament_cmake_args=None, catkin_cmake_args=None, catkin_skip_building_tests=False, verb_parser=<colcon_defaults.argument_parser.defaults.DefaultArgumentsDecorator object at 0x7f969c01f910>, verb_extension=<colcon_core.verb.build.BuildVerb object at 0x7f969c160d00>, main=<bound method BuildVerb.main of <colcon_core.verb.build.BuildVerb object at 0x7f969c160d00>>)
[1.306s] Level 1:colcon.colcon_core.package_discovery:discover_packages(colcon_meta) check parameters
[1.307s] Level 1:colcon.colcon_core.package_discovery:discover_packages(recursive) check parameters
[1.307s] Level 1:colcon.colcon_core.package_discovery:discover_packages(ignore) check parameters
[1.307s] Level 1:colcon.colcon_core.package_discovery:discover_packages(path) check parameters
[1.307s] Level 1:colcon.colcon_core.package_discovery:discover_packages(colcon_meta) discover
[1.307s] Level 1:colcon.colcon_core.package_discovery:discover_packages(recursive) discover
[1.307s] INFO:colcon.colcon_core.package_discovery:Crawling recursively for packages in '/home/ismail01/ros2_ws'
[1.308s] Level 1:colcon.colcon_core.package_identification:_identify(.) by extensions ['ignore', 'ignore_ament_install']
[1.308s] Level 1:colcon.colcon_core.package_identification:_identify(.) by extension 'ignore'
[1.308s] Level 1:colcon.colcon_core.package_identification:_identify(.) by extension 'ignore_ament_install'
[1.308s] Level 1:colcon.colcon_core.package_identification:_identify(.) by extensions ['colcon_pkg']
[1.308s] Level 1:colcon.colcon_core.package_identification:_identify(.) by extension 'colcon_pkg'
[1.309s] Level 1:colcon.colcon_core.package_identification:_identify(.) by extensions ['colcon_meta']
[1.309s] Level 1:colcon.colcon_core.package_identification:_identify(.) by extension 'colcon_meta'
[1.309s] Level 1:colcon.colcon_core.package_identification:_identify(.) by extensions ['ros']
[1.309s] Level 1:colcon.colcon_core.package_identification:_identify(.) by extension 'ros'
[1.344s] Level 1:colcon.colcon_core.package_identification:_identify(.) by extensions ['cmake', 'python']
[1.344s] Level 1:colcon.colcon_core.package_identification:_identify(.) by extension 'cmake'
[1.345s] Level 1:colcon.colcon_core.package_identification:_identify(.) by extension 'python'
[1.345s] Level 1:colcon.colcon_core.package_identification:_identify(.) by extensions ['python_setup_py']
[1.346s] Level 1:colcon.colcon_core.package_identification:_identify(.) by extension 'python_setup_py'
[1.348s] Level 1:colcon.colcon_core.package_identification:_identify(build) by extensions ['ignore', 'ignore_ament_install']
[1.349s] Level 1:colcon.colcon_core.package_identification:_identify(build) by extension 'ignore'
[1.349s] Level 1:colcon.colcon_core.package_identification:_identify(build) ignored
[1.350s] Level 1:colcon.colcon_core.package_identification:_identify(install) by extensions ['ignore', 'ignore_ament_install']
[1.350s] Level 1:colcon.colcon_core.package_identification:_identify(install) by extension 'ignore'
[1.350s] Level 1:colcon.colcon_core.package_identification:_identify(install) ignored
[1.350s] Level 1:colcon.colcon_core.package_identification:_identify(log) by extensions ['ignore', 'ignore_ament_install']
[1.351s] Level 1:colcon.colcon_core.package_identification:_identify(log) by extension 'ignore'
[1.351s] Level 1:colcon.colcon_core.package_identification:_identify(log) ignored
[1.351s] Level 1:colcon.colcon_core.package_identification:_identify(src) by extensions ['ignore', 'ignore_ament_install']
[1.351s] Level 1:colcon.colcon_core.package_identification:_identify(src) by extension 'ignore'
[1.352s] Level 1:colcon.colcon_core.package_identification:_identify(src) by extension 'ignore_ament_install'
[1.352s] Level 1:colcon.colcon_core.package_identification:_identify(src) by extensions ['colcon_pkg']
[1.352s] Level 1:colcon.colcon_core.package_identification:_identify(src) by extension 'colcon_pkg'
[1.352s] Level 1:colcon.colcon_core.package_identification:_identify(src) by extensions ['colcon_meta']
[1.352s] Level 1:colcon.colcon_core.package_identification:_identify(src) by extension 'colcon_meta'
[1.352s] Level 1:colcon.colcon_core.package_identification:_identify(src) by extensions ['ros']
[1.352s] Level 1:colcon.colcon_core.package_identification:_identify(src) by extension 'ros'
[1.353s] Level 1:colcon.colcon_core.package_identification:_identify(src) by extensions ['cmake', 'python']
[1.353s] Level 1:colcon.colcon_core.package_identification:_identify(src) by extension 'cmake'
[1.353s] Level 1:colcon.colcon_core.package_identification:_identify(src) by extension 'python'
[1.353s] Level 1:colcon.colcon_core.package_identification:_identify(src) by extensions ['python_setup_py']
[1.353s] Level 1:colcon.colcon_core.package_identification:_identify(src) by extension 'python_setup_py'
[1.353s] Level 1:colcon.colcon_core.package_identification:_identify(src/my_robot_sim) by extensions ['ignore', 'ignore_ament_install']
[1.354s] Level 1:colcon.colcon_core.package_identification:_identify(src/my_robot_sim) by extension 'ignore'
[1.354s] Level 1:colcon.colcon_core.package_identification:_identify(src/my_robot_sim) by extension 'ignore_ament_install'
[1.354s] Level 1:colcon.colcon_core.package_identification:_identify(src/my_robot_sim) by extensions ['colcon_pkg']
[1.354s] Level 1:colcon.colcon_core.package_identification:_identify(src/my_robot_sim) by extension 'colcon_pkg'
[1.354s] Level 1:colcon.colcon_core.package_identification:_identify(src/my_robot_sim) by extensions ['colcon_meta']
[1.354s] Level 1:colcon.colcon_core.package_identification:_identify(src/my_robot_sim) by extension 'colcon_meta'
[1.355s] Level 1:colcon.colcon_core.package_identification:_identify(src/my_robot_sim) by extensions ['ros']
[1.355s] Level 1:colcon.colcon_core.package_identification:_identify(src/my_robot_sim) by extension 'ros'
[1.374s] DEBUG:colcon.colcon_core.package_identification:Package 'src/my_robot_sim' with type 'ros.ament_python' and name 'my_robot_sim'
[1.374s] Level 1:colcon.colcon_core.package_discovery:discover_packages(recursive) using defaults
[1.375s] Level 1:colcon.colcon_core.package_discovery:discover_packages(ignore) discover
[1.375s] Level 1:colcon.colcon_core.package_discovery:discover_packages(ignore) using defaults
[1.375s] Level 1:colcon.colcon_core.package_discovery:discover_packages(path) discover
[1.375s] Level 1:colcon.colcon_core.package_discovery:discover_packages(path) using defaults
[1.433s] Level 1:colcon.colcon_core.package_discovery:discover_packages(prefix_path) check parameters
[1.433s] Level 1:colcon.colcon_core.package_discovery:discover_packages(prefix_path) discover
[1.443s] DEBUG:colcon.colcon_installed_package_information.package_discovery:Found 336 installed packages in /opt/ros/humble
[1.478s] Level 1:colcon.colcon_core.package_discovery:discover_packages(prefix_path) using defaults
[1.562s] Level 5:colcon.colcon_core.verb:set package 'my_robot_sim' build argument 'cmake_args' from command line to 'None'
[1.563s] Level 5:colcon.colcon_core.verb:set package 'my_robot_sim' build argument 'cmake_target' from command line to 'None'
[1.563s] Level 5:colcon.colcon_core.verb:set package 'my_robot_sim' build argument 'cmake_target_skip_unavailable' from command line to 'False'
[1.563s] Level 5:colcon.colcon_core.verb:set package 'my_robot_sim' build argument 'cmake_clean_cache' from command line to 'False'
[1.563s] Level 5:colcon.colcon_core.verb:set package 'my_robot_sim' build argument 'cmake_clean_first' from command line to 'False'
[1.563s] Level 5:colcon.colcon_core.verb:set package 'my_robot_sim' build argument 'cmake_force_configure' from command line to 'False'
[1.563s] Level 5:colcon.colcon_core.verb:set package 'my_robot_sim' build argument 'ament_cmake_args' from command line to 'None'
[1.563s] Level 5:colcon.colcon_core.verb:set package 'my_robot_sim' build argument 'catkin_cmake_args' from command line to 'None'
[1.563s] Level 5:colcon.colcon_core.verb:set package 'my_robot_sim' build argument 'catkin_skip_building_tests' from command line to 'False'
[1.563s] DEBUG:colcon.colcon_core.verb:Building package 'my_robot_sim' with the following arguments: {'ament_cmake_args': None, 'build_base': '/home/ismail01/ros2_ws/build/my_robot_sim', 'catkin_cmake_args': None, 'catkin_skip_building_tests': False, 'cmake_args': None, 'cmake_clean_cache': False, 'cmake_clean_first': False, 'cmake_force_configure': False, 'cmake_target': None, 'cmake_target_skip_unavailable': False, 'install_base': '/home/ismail01/ros2_ws/install/my_robot_sim', 'merge_install': False, 'path': '/home/ismail01/ros2_ws/src/my_robot_sim', 'symlink_install': True, 'test_result_base': None}
[1.563s] INFO:colcon.colcon_core.executor:Executing jobs using 'parallel' executor
[1.566s] DEBUG:colcon.colcon_parallel_executor.executor.parallel:run_until_complete
[1.567s] INFO:colcon.colcon_ros.task.ament_python.build:Building ROS package in '/home/ismail01/ros2_ws/src/my_robot_sim' with build type 'ament_python'
[1.568s] Level 1:colcon.colcon_core.shell:create_environment_hook('my_robot_sim', 'ament_prefix_path')
[1.584s] INFO:colcon.colcon_core.plugin_system:Skipping extension 'colcon_core.shell.bat': Not used on non-Windows systems
[1.585s] INFO:colcon.colcon_core.shell:Creating environment hook '/home/ismail01/ros2_ws/install/my_robot_sim/share/my_robot_sim/hook/ament_prefix_path.ps1'
[1.597s] INFO:colcon.colcon_core.shell:Creating environment descriptor '/home/ismail01/ros2_ws/install/my_robot_sim/share/my_robot_sim/hook/ament_prefix_path.dsv'
[1.601s] INFO:colcon.colcon_core.shell:Creating environment hook '/home/ismail01/ros2_ws/install/my_robot_sim/share/my_robot_sim/hook/ament_prefix_path.sh'
[1.604s] INFO:colcon.colcon_core.shell:Skip shell extension 'powershell' for command environment: Not usable outside of PowerShell
[1.605s] DEBUG:colcon.colcon_core.shell:Skip shell extension 'dsv' for command environment
[2.231s] INFO:colcon.colcon_core.task.python.build:Building Python package in '/home/ismail01/ros2_ws/src/my_robot_sim'
[2.232s] INFO:colcon.colcon_core.shell:Skip shell extension 'powershell' for command environment: Not usable outside of PowerShell
[2.233s] DEBUG:colcon.colcon_core.shell:Skip shell extension 'dsv' for command environment
[3.911s] DEBUG:colcon.colcon_core.event_handler.log_command:Invoking command in '/home/ismail01/ros2_ws/build/my_robot_sim': PYTHONPATH=/home/ismail01/ros2_ws/build/my_robot_sim/prefix_override:/usr/lib/python3/dist-packages/colcon_core/task/python/colcon_distutils_commands:/home/ismail01/ros2_ws/install/my_robot_sim/lib/python3.10/site-packages:${PYTHONPATH} /usr/bin/python3 -W ignore:setup.py install is deprecated -W ignore:easy_install command is deprecated setup.py develop --editable --build-directory /home/ismail01/ros2_ws/build/my_robot_sim/build --no-deps symlink_data
[5.179s] Level 1:colcon.colcon_core.shell:create_environment_hook('my_robot_sim', 'pythonpath_develop')
[5.180s] INFO:colcon.colcon_core.shell:Creating environment hook '/home/ismail01/ros2_ws/build/my_robot_sim/share/my_robot_sim/hook/pythonpath_develop.ps1'
[5.182s] DEBUG:colcon.colcon_core.event_handler.log_command:Invoked command in '/home/ismail01/ros2_ws/build/my_robot_sim' returned '0': PYTHONPATH=/home/ismail01/ros2_ws/build/my_robot_sim/prefix_override:/usr/lib/python3/dist-packages/colcon_core/task/python/colcon_distutils_commands:/home/ismail01/ros2_ws/install/my_robot_sim/lib/python3.10/site-packages:${PYTHONPATH} /usr/bin/python3 -W ignore:setup.py install is deprecated -W ignore:easy_install command is deprecated setup.py develop --editable --build-directory /home/ismail01/ros2_ws/build/my_robot_sim/build --no-deps symlink_data
[5.187s] INFO:colcon.colcon_core.shell:Creating environment descriptor '/home/ismail01/ros2_ws/build/my_robot_sim/share/my_robot_sim/hook/pythonpath_develop.dsv'
[5.188s] INFO:colcon.colcon_core.shell:Creating environment hook '/home/ismail01/ros2_ws/build/my_robot_sim/share/my_robot_sim/hook/pythonpath_develop.sh'
[5.214s] Level 1:colcon.colcon_core.environment:checking '/home/ismail01/ros2_ws/install/my_robot_sim' for CMake module files
[5.217s] Level 1:colcon.colcon_core.environment:checking '/home/ismail01/ros2_ws/install/my_robot_sim' for CMake config files
[5.219s] Level 1:colcon.colcon_core.environment:checking '/home/ismail01/ros2_ws/install/my_robot_sim/lib'
[5.220s] Level 1:colcon.colcon_core.environment:checking '/home/ismail01/ros2_ws/install/my_robot_sim/bin'
[5.220s] Level 1:colcon.colcon_core.environment:checking '/home/ismail01/ros2_ws/install/my_robot_sim/lib/pkgconfig/my_robot_sim.pc'
[5.221s] Level 1:colcon.colcon_core.environment:checking '/home/ismail01/ros2_ws/install/my_robot_sim/lib/python3.10/site-packages'
[5.222s] Level 1:colcon.colcon_core.shell:create_environment_hook('my_robot_sim', 'pythonpath')
[5.223s] INFO:colcon.colcon_core.shell:Creating environment hook '/home/ismail01/ros2_ws/install/my_robot_sim/share/my_robot_sim/hook/pythonpath.ps1'
[5.226s] INFO:colcon.colcon_core.shell:Creating environment descriptor '/home/ismail01/ros2_ws/install/my_robot_sim/share/my_robot_sim/hook/pythonpath.dsv'
[5.229s] INFO:colcon.colcon_core.shell:Creating environment hook '/home/ismail01/ros2_ws/install/my_robot_sim/share/my_robot_sim/hook/pythonpath.sh'
[5.233s] Level 1:colcon.colcon_core.environment:checking '/home/ismail01/ros2_ws/install/my_robot_sim/bin'
[5.233s] Level 1:colcon.colcon_core.environment:create_environment_scripts_only(my_robot_sim)
[5.235s] INFO:colcon.colcon_core.shell:Creating package script '/home/ismail01/ros2_ws/install/my_robot_sim/share/my_robot_sim/package.ps1'
[5.239s] INFO:colcon.colcon_core.shell:Creating package descriptor '/home/ismail01/ros2_ws/install/my_robot_sim/share/my_robot_sim/package.dsv'
[5.244s] INFO:colcon.colcon_core.shell:Creating package script '/home/ismail01/ros2_ws/install/my_robot_sim/share/my_robot_sim/package.sh'
[5.248s] INFO:colcon.colcon_core.shell:Creating package script '/home/ismail01/ros2_ws/install/my_robot_sim/share/my_robot_sim/package.bash'
[5.256s] INFO:colcon.colcon_core.shell:Creating package script '/home/ismail01/ros2_ws/install/my_robot_sim/share/my_robot_sim/package.zsh'
[5.262s] Level 1:colcon.colcon_core.environment:create_file_with_runtime_dependencies(/home/ismail01/ros2_ws/install/my_robot_sim/share/colcon-core/packages/my_robot_sim)
[5.266s] DEBUG:colcon.colcon_parallel_executor.executor.parallel:closing loop
[5.268s] DEBUG:colcon.colcon_parallel_executor.executor.parallel:loop closed
[5.269s] DEBUG:colcon.colcon_parallel_executor.executor.parallel:run_until_complete finished with '0'
[5.270s] DEBUG:colcon.colcon_core.event_reactor:joining thread
[5.412s] INFO:colcon.colcon_core.plugin_system:Skipping extension 'colcon_notification.desktop_notification.notify_send': Could not find 'notify-send'
[5.412s] INFO:colcon.colcon_core.plugin_system:Skipping extension 'colcon_notification.desktop_notification.terminal_notifier': Not used on non-Darwin systems
[5.412s] INFO:colcon.colcon_core.plugin_system:Skipping extension 'colcon_notification.desktop_notification.win32': Not used on non-Windows systems
[5.413s] INFO:colcon.colcon_notification.desktop_notification:Sending desktop notification using 'notify2'
[5.415s] DEBUG:colcon.colcon_notification.desktop_notification.notify2:Failed to initialize notify2: org.freedesktop.DBus.Error.FileNotFound: Failed to connect to socket /run/user/1000/bus: No such file or directory
[5.416s] DEBUG:colcon.colcon_core.event_reactor:joined thread
[5.417s] INFO:colcon.colcon_core.shell:Creating prefix script '/home/ismail01/ros2_ws/install/local_setup.ps1'
[5.421s] INFO:colcon.colcon_core.shell:Creating prefix util module '/home/ismail01/ros2_ws/install/_local_setup_util_ps1.py'
[5.426s] INFO:colcon.colcon_core.shell:Creating prefix chain script '/home/ismail01/ros2_ws/install/setup.ps1'
[5.432s] INFO:colcon.colcon_core.shell:Creating prefix script '/home/ismail01/ros2_ws/install/local_setup.sh'
[5.436s] INFO:colcon.colcon_core.shell:Creating prefix util module '/home/ismail01/ros2_ws/install/_local_setup_util_sh.py'
[5.438s] INFO:colcon.colcon_core.shell:Creating prefix chain script '/home/ismail01/ros2_ws/install/setup.sh'
[5.441s] INFO:colcon.colcon_core.shell:Creating prefix script '/home/ismail01/ros2_ws/install/local_setup.bash'
[5.444s] INFO:colcon.colcon_core.shell:Creating prefix chain script '/home/ismail01/ros2_ws/install/setup.bash'
[5.449s] INFO:colcon.colcon_core.shell:Creating prefix script '/home/ismail01/ros2_ws/install/local_setup.zsh'
[5.451s] INFO:colcon.colcon_core.shell:Creating prefix chain script '/home/ismail01/ros2_ws/install/setup.zsh'
