[0.394s] DEBUG:colcon:Command line arguments: ['/usr/bin/colcon', 'build', '--symlink-install']
[0.394s] DEBUG:colcon:Parsed command line arguments: Namespace(log_base=None, log_level=None, verb_name='build', build_base='build', install_base='install', merge_install=False, symlink_install=True, test_result_base=None, continue_on_error=False, executor='parallel', parallel_workers=8, event_handlers=None, ignore_user_meta=False, metas=['./colcon.meta'], base_paths=['.'], packages_ignore=None, packages_ignore_regex=None, paths=None, packages_up_to=None, packages_up_to_regex=None, packages_above=None, packages_above_and_dependencies=None, packages_above_depth=None, packages_select_by_dep=None, packages_skip_by_dep=None, packages_skip_up_to=None, packages_select_build_failed=False, packages_skip_build_finished=False, packages_select_test_failures=False, packages_skip_test_passed=False, packages_select=None, packages_skip=None, packages_select_regex=None, packages_skip_regex=None, packages_start=None, packages_end=None, allow_overriding=[], cmake_args=None, cmake_target=None, cmake_target_skip_unavailable=False, cmake_clean_cache=False, cmake_clean_first=False, cmake_force_configure=False, ament_cmake_args=None, catkin_cmake_args=None, catkin_skip_building_tests=False, verb_parser=<colcon_defaults.argument_parser.defaults.DefaultArgumentsDecorator object at 0x7fe390963dc0>, verb_extension=<colcon_core.verb.build.BuildVerb object at 0x7fe390a9d1b0>, main=<bound method BuildVerb.main of <colcon_core.verb.build.BuildVerb object at 0x7fe390a9d1b0>>)
[0.850s] Level 1:colcon.colcon_core.package_discovery:discover_packages(colcon_meta) check parameters
[0.850s] Level 1:colcon.colcon_core.package_discovery:discover_packages(recursive) check parameters
[0.850s] Level 1:colcon.colcon_core.package_discovery:discover_packages(ignore) check parameters
[0.850s] Level 1:colcon.colcon_core.package_discovery:discover_packages(path) check parameters
[0.850s] Level 1:colcon.colcon_core.package_discovery:discover_packages(colcon_meta) discover
[0.850s] Level 1:colcon.colcon_core.package_discovery:discover_packages(recursive) discover
[0.851s] INFO:colcon.colcon_core.package_discovery:Crawling recursively for packages in '/home/ismail01/ros2_ws'
[0.851s] Level 1:colcon.colcon_core.package_identification:_identify(.) by extensions ['ignore', 'ignore_ament_install']
[0.851s] Level 1:colcon.colcon_core.package_identification:_identify(.) by extension 'ignore'
[0.851s] Level 1:colcon.colcon_core.package_identification:_identify(.) by extension 'ignore_ament_install'
[0.851s] Level 1:colcon.colcon_core.package_identification:_identify(.) by extensions ['colcon_pkg']
[0.851s] Level 1:colcon.colcon_core.package_identification:_identify(.) by extension 'colcon_pkg'
[0.851s] Level 1:colcon.colcon_core.package_identification:_identify(.) by extensions ['colcon_meta']
[0.852s] Level 1:colcon.colcon_core.package_identification:_identify(.) by extension 'colcon_meta'
[0.852s] Level 1:colcon.colcon_core.package_identification:_identify(.) by extensions ['ros']
[0.852s] Level 1:colcon.colcon_core.package_identification:_identify(.) by extension 'ros'
[0.890s] Level 1:colcon.colcon_core.package_identification:_identify(.) by extensions ['cmake', 'python']
[0.890s] Level 1:colcon.colcon_core.package_identification:_identify(.) by extension 'cmake'
[0.890s] Level 1:colcon.colcon_core.package_identification:_identify(.) by extension 'python'
[0.890s] Level 1:colcon.colcon_core.package_identification:_identify(.) by extensions ['python_setup_py']
[0.890s] Level 1:colcon.colcon_core.package_identification:_identify(.) by extension 'python_setup_py'
[0.891s] Level 1:colcon.colcon_core.package_identification:_identify(build) by extensions ['ignore', 'ignore_ament_install']
[0.891s] Level 1:colcon.colcon_core.package_identification:_identify(build) by extension 'ignore'
[0.891s] Level 1:colcon.colcon_core.package_identification:_identify(build) ignored
[0.892s] Level 1:colcon.colcon_core.package_identification:_identify(install) by extensions ['ignore', 'ignore_ament_install']
[0.892s] Level 1:colcon.colcon_core.package_identification:_identify(install) by extension 'ignore'
[0.892s] Level 1:colcon.colcon_core.package_identification:_identify(install) ignored
[0.893s] Level 1:colcon.colcon_core.package_identification:_identify(log) by extensions ['ignore', 'ignore_ament_install']
[0.894s] Level 1:colcon.colcon_core.package_identification:_identify(log) by extension 'ignore'
[0.894s] Level 1:colcon.colcon_core.package_identification:_identify(log) ignored
[0.894s] Level 1:colcon.colcon_core.package_identification:_identify(src) by extensions ['ignore', 'ignore_ament_install']
[0.895s] Level 1:colcon.colcon_core.package_identification:_identify(src) by extension 'ignore'
[0.895s] Level 1:colcon.colcon_core.package_identification:_identify(src) by extension 'ignore_ament_install'
[0.895s] Level 1:colcon.colcon_core.package_identification:_identify(src) by extensions ['colcon_pkg']
[0.895s] Level 1:colcon.colcon_core.package_identification:_identify(src) by extension 'colcon_pkg'
[0.896s] Level 1:colcon.colcon_core.package_identification:_identify(src) by extensions ['colcon_meta']
[0.896s] Level 1:colcon.colcon_core.package_identification:_identify(src) by extension 'colcon_meta'
[0.896s] Level 1:colcon.colcon_core.package_identification:_identify(src) by extensions ['ros']
[0.896s] Level 1:colcon.colcon_core.package_identification:_identify(src) by extension 'ros'
[0.896s] Level 1:colcon.colcon_core.package_identification:_identify(src) by extensions ['cmake', 'python']
[0.897s] Level 1:colcon.colcon_core.package_identification:_identify(src) by extension 'cmake'
[0.897s] Level 1:colcon.colcon_core.package_identification:_identify(src) by extension 'python'
[0.897s] Level 1:colcon.colcon_core.package_identification:_identify(src) by extensions ['python_setup_py']
[0.898s] Level 1:colcon.colcon_core.package_identification:_identify(src) by extension 'python_setup_py'
[0.899s] Level 1:colcon.colcon_core.package_identification:_identify(src/my_robot_sim) by extensions ['ignore', 'ignore_ament_install']
[0.899s] Level 1:colcon.colcon_core.package_identification:_identify(src/my_robot_sim) by extension 'ignore'
[0.899s] Level 1:colcon.colcon_core.package_identification:_identify(src/my_robot_sim) by extension 'ignore_ament_install'
[0.899s] Level 1:colcon.colcon_core.package_identification:_identify(src/my_robot_sim) by extensions ['colcon_pkg']
[0.899s] Level 1:colcon.colcon_core.package_identification:_identify(src/my_robot_sim) by extension 'colcon_pkg'
[0.900s] Level 1:colcon.colcon_core.package_identification:_identify(src/my_robot_sim) by extensions ['colcon_meta']
[0.900s] Level 1:colcon.colcon_core.package_identification:_identify(src/my_robot_sim) by extension 'colcon_meta'
[0.900s] Level 1:colcon.colcon_core.package_identification:_identify(src/my_robot_sim) by extensions ['ros']
[0.900s] Level 1:colcon.colcon_core.package_identification:_identify(src/my_robot_sim) by extension 'ros'
[0.907s] DEBUG:colcon.colcon_core.package_identification:Package 'src/my_robot_sim' with type 'ros.ament_python' and name 'my_robot_sim'
[0.908s] Level 1:colcon.colcon_core.package_discovery:discover_packages(recursive) using defaults
[0.908s] Level 1:colcon.colcon_core.package_discovery:discover_packages(ignore) discover
[0.909s] Level 1:colcon.colcon_core.package_discovery:discover_packages(ignore) using defaults
[0.909s] Level 1:colcon.colcon_core.package_discovery:discover_packages(path) discover
[0.909s] Level 1:colcon.colcon_core.package_discovery:discover_packages(path) using defaults
[0.981s] Level 1:colcon.colcon_core.package_discovery:discover_packages(prefix_path) check parameters
[0.982s] Level 1:colcon.colcon_core.package_discovery:discover_packages(prefix_path) discover
[0.988s] DEBUG:colcon.colcon_installed_package_information.package_discovery:Found 1 installed packages in /home/ismail01/ros2_ws/install
[0.992s] DEBUG:colcon.colcon_installed_package_information.package_discovery:Found 336 installed packages in /opt/ros/humble
[1.039s] Level 1:colcon.colcon_core.package_discovery:discover_packages(prefix_path) using defaults
[1.141s] Level 5:colcon.colcon_core.verb:set package 'my_robot_sim' build argument 'cmake_args' from command line to 'None'
[1.142s] Level 5:colcon.colcon_core.verb:set package 'my_robot_sim' build argument 'cmake_target' from command line to 'None'
[1.142s] Level 5:colcon.colcon_core.verb:set package 'my_robot_sim' build argument 'cmake_target_skip_unavailable' from command line to 'False'
[1.142s] Level 5:colcon.colcon_core.verb:set package 'my_robot_sim' build argument 'cmake_clean_cache' from command line to 'False'
[1.142s] Level 5:colcon.colcon_core.verb:set package 'my_robot_sim' build argument 'cmake_clean_first' from command line to 'False'
[1.142s] Level 5:colcon.colcon_core.verb:set package 'my_robot_sim' build argument 'cmake_force_configure' from command line to 'False'
[1.142s] Level 5:colcon.colcon_core.verb:set package 'my_robot_sim' build argument 'ament_cmake_args' from command line to 'None'
[1.142s] Level 5:colcon.colcon_core.verb:set package 'my_robot_sim' build argument 'catkin_cmake_args' from command line to 'None'
[1.142s] Level 5:colcon.colcon_core.verb:set package 'my_robot_sim' build argument 'catkin_skip_building_tests' from command line to 'False'
[1.142s] DEBUG:colcon.colcon_core.verb:Building package 'my_robot_sim' with the following arguments: {'ament_cmake_args': None, 'build_base': '/home/ismail01/ros2_ws/build/my_robot_sim', 'catkin_cmake_args': None, 'catkin_skip_building_tests': False, 'cmake_args': None, 'cmake_clean_cache': False, 'cmake_clean_first': False, 'cmake_force_configure': False, 'cmake_target': None, 'cmake_target_skip_unavailable': False, 'install_base': '/home/ismail01/ros2_ws/install/my_robot_sim', 'merge_install': False, 'path': '/home/ismail01/ros2_ws/src/my_robot_sim', 'symlink_install': True, 'test_result_base': None}
[1.142s] INFO:colcon.colcon_core.executor:Executing jobs using 'parallel' executor
[1.145s] DEBUG:colcon.colcon_parallel_executor.executor.parallel:run_until_complete
[1.146s] INFO:colcon.colcon_ros.task.ament_python.build:Building ROS package in '/home/ismail01/ros2_ws/src/my_robot_sim' with build type 'ament_python'
[1.146s] Level 1:colcon.colcon_core.shell:create_environment_hook('my_robot_sim', 'ament_prefix_path')
[1.151s] INFO:colcon.colcon_core.plugin_system:Skipping extension 'colcon_core.shell.bat': Not used on non-Windows systems
[1.152s] INFO:colcon.colcon_core.shell:Creating environment hook '/home/ismail01/ros2_ws/install/my_robot_sim/share/my_robot_sim/hook/ament_prefix_path.ps1'
[1.156s] INFO:colcon.colcon_core.shell:Creating environment descriptor '/home/ismail01/ros2_ws/install/my_robot_sim/share/my_robot_sim/hook/ament_prefix_path.dsv'
[1.158s] INFO:colcon.colcon_core.shell:Creating environment hook '/home/ismail01/ros2_ws/install/my_robot_sim/share/my_robot_sim/hook/ament_prefix_path.sh'
[1.161s] INFO:colcon.colcon_core.shell:Skip shell extension 'powershell' for command environment: Not usable outside of PowerShell
[1.161s] DEBUG:colcon.colcon_core.shell:Skip shell extension 'dsv' for command environment
[1.736s] INFO:colcon.colcon_core.task.python.build:Building Python package in '/home/ismail01/ros2_ws/src/my_robot_sim'
[1.737s] INFO:colcon.colcon_core.shell:Skip shell extension 'powershell' for command environment: Not usable outside of PowerShell
[1.737s] DEBUG:colcon.colcon_core.shell:Skip shell extension 'dsv' for command environment
[2.597s] DEBUG:colcon.colcon_core.event_handler.log_command:Invoking command in '/home/ismail01/ros2_ws/build/my_robot_sim': PYTHONPATH=/home/ismail01/ros2_ws/build/my_robot_sim/prefix_override:/usr/lib/python3/dist-packages/colcon_core/task/python/colcon_distutils_commands:/home/ismail01/ros2_ws/install/my_robot_sim/lib/python3.10/site-packages:${PYTHONPATH} /usr/bin/python3 -W ignore:setup.py install is deprecated -W ignore:easy_install command is deprecated setup.py develop --editable --build-directory /home/ismail01/ros2_ws/build/my_robot_sim/build --no-deps symlink_data
[3.639s] Level 1:colcon.colcon_core.shell:create_environment_hook('my_robot_sim', 'pythonpath_develop')
[3.640s] INFO:colcon.colcon_core.shell:Creating environment hook '/home/ismail01/ros2_ws/build/my_robot_sim/share/my_robot_sim/hook/pythonpath_develop.ps1'
[3.642s] DEBUG:colcon.colcon_core.event_handler.log_command:Invoked command in '/home/ismail01/ros2_ws/build/my_robot_sim' returned '0': PYTHONPATH=/home/ismail01/ros2_ws/build/my_robot_sim/prefix_override:/usr/lib/python3/dist-packages/colcon_core/task/python/colcon_distutils_commands:/home/ismail01/ros2_ws/install/my_robot_sim/lib/python3.10/site-packages:${PYTHONPATH} /usr/bin/python3 -W ignore:setup.py install is deprecated -W ignore:easy_install command is deprecated setup.py develop --editable --build-directory /home/ismail01/ros2_ws/build/my_robot_sim/build --no-deps symlink_data
[3.642s] INFO:colcon.colcon_core.shell:Creating environment descriptor '/home/ismail01/ros2_ws/build/my_robot_sim/share/my_robot_sim/hook/pythonpath_develop.dsv'
[3.644s] INFO:colcon.colcon_core.shell:Creating environment hook '/home/ismail01/ros2_ws/build/my_robot_sim/share/my_robot_sim/hook/pythonpath_develop.sh'
[3.651s] Level 1:colcon.colcon_core.environment:checking '/home/ismail01/ros2_ws/install/my_robot_sim' for CMake module files
[3.652s] Level 1:colcon.colcon_core.environment:checking '/home/ismail01/ros2_ws/install/my_robot_sim' for CMake config files
[3.654s] Level 1:colcon.colcon_core.environment:checking '/home/ismail01/ros2_ws/install/my_robot_sim/lib'
[3.655s] Level 1:colcon.colcon_core.environment:checking '/home/ismail01/ros2_ws/install/my_robot_sim/bin'
[3.655s] Level 1:colcon.colcon_core.environment:checking '/home/ismail01/ros2_ws/install/my_robot_sim/lib/pkgconfig/my_robot_sim.pc'
[3.655s] Level 1:colcon.colcon_core.environment:checking '/home/ismail01/ros2_ws/install/my_robot_sim/lib/python3.10/site-packages'
[3.656s] Level 1:colcon.colcon_core.shell:create_environment_hook('my_robot_sim', 'pythonpath')
[3.656s] INFO:colcon.colcon_core.shell:Creating environment hook '/home/ismail01/ros2_ws/install/my_robot_sim/share/my_robot_sim/hook/pythonpath.ps1'
[3.658s] INFO:colcon.colcon_core.shell:Creating environment descriptor '/home/ismail01/ros2_ws/install/my_robot_sim/share/my_robot_sim/hook/pythonpath.dsv'
[3.660s] INFO:colcon.colcon_core.shell:Creating environment hook '/home/ismail01/ros2_ws/install/my_robot_sim/share/my_robot_sim/hook/pythonpath.sh'
[3.662s] Level 1:colcon.colcon_core.environment:checking '/home/ismail01/ros2_ws/install/my_robot_sim/bin'
[3.663s] Level 1:colcon.colcon_core.environment:create_environment_scripts_only(my_robot_sim)
[3.664s] INFO:colcon.colcon_core.shell:Creating package script '/home/ismail01/ros2_ws/install/my_robot_sim/share/my_robot_sim/package.ps1'
[3.666s] INFO:colcon.colcon_core.shell:Creating package descriptor '/home/ismail01/ros2_ws/install/my_robot_sim/share/my_robot_sim/package.dsv'
[3.668s] INFO:colcon.colcon_core.shell:Creating package script '/home/ismail01/ros2_ws/install/my_robot_sim/share/my_robot_sim/package.sh'
[3.672s] INFO:colcon.colcon_core.shell:Creating package script '/home/ismail01/ros2_ws/install/my_robot_sim/share/my_robot_sim/package.bash'
[3.675s] INFO:colcon.colcon_core.shell:Creating package script '/home/ismail01/ros2_ws/install/my_robot_sim/share/my_robot_sim/package.zsh'
[3.679s] Level 1:colcon.colcon_core.environment:create_file_with_runtime_dependencies(/home/ismail01/ros2_ws/install/my_robot_sim/share/colcon-core/packages/my_robot_sim)
[3.680s] DEBUG:colcon.colcon_parallel_executor.executor.parallel:closing loop
[3.682s] DEBUG:colcon.colcon_parallel_executor.executor.parallel:loop closed
[3.683s] DEBUG:colcon.colcon_parallel_executor.executor.parallel:run_until_complete finished with '0'
[3.685s] DEBUG:colcon.colcon_core.event_reactor:joining thread
[3.808s] INFO:colcon.colcon_core.plugin_system:Skipping extension 'colcon_notification.desktop_notification.notify_send': Could not find 'notify-send'
[3.808s] INFO:colcon.colcon_core.plugin_system:Skipping extension 'colcon_notification.desktop_notification.terminal_notifier': Not used on non-Darwin systems
[3.808s] INFO:colcon.colcon_core.plugin_system:Skipping extension 'colcon_notification.desktop_notification.win32': Not used on non-Windows systems
[3.808s] INFO:colcon.colcon_notification.desktop_notification:Sending desktop notification using 'notify2'
[3.809s] DEBUG:colcon.colcon_notification.desktop_notification.notify2:Failed to initialize notify2: org.freedesktop.DBus.Error.FileNotFound: Failed to connect to socket /run/user/1000/bus: No such file or directory
[3.809s] DEBUG:colcon.colcon_core.event_reactor:joined thread
[3.810s] INFO:colcon.colcon_core.shell:Creating prefix script '/home/ismail01/ros2_ws/install/local_setup.ps1'
[3.812s] INFO:colcon.colcon_core.shell:Creating prefix util module '/home/ismail01/ros2_ws/install/_local_setup_util_ps1.py'
[3.814s] INFO:colcon.colcon_core.shell:Creating prefix chain script '/home/ismail01/ros2_ws/install/setup.ps1'
[3.817s] INFO:colcon.colcon_core.shell:Creating prefix script '/home/ismail01/ros2_ws/install/local_setup.sh'
[3.819s] INFO:colcon.colcon_core.shell:Creating prefix util module '/home/ismail01/ros2_ws/install/_local_setup_util_sh.py'
[3.822s] INFO:colcon.colcon_core.shell:Creating prefix chain script '/home/ismail01/ros2_ws/install/setup.sh'
[3.824s] INFO:colcon.colcon_core.shell:Creating prefix script '/home/ismail01/ros2_ws/install/local_setup.bash'
[3.826s] INFO:colcon.colcon_core.shell:Creating prefix chain script '/home/ismail01/ros2_ws/install/setup.bash'
[3.828s] INFO:colcon.colcon_core.shell:Creating prefix script '/home/ismail01/ros2_ws/install/local_setup.zsh'
[3.830s] INFO:colcon.colcon_core.shell:Creating prefix chain script '/home/ismail01/ros2_ws/install/setup.zsh'
