[0.533s] DEBUG:colcon:Command line arguments: ['/usr/bin/colcon', 'build', '--symlink-install']
[0.534s] DEBUG:colcon:Parsed command line arguments: Namespace(log_base=None, log_level=None, verb_name='build', build_base='build', install_base='install', merge_install=False, symlink_install=True, test_result_base=None, continue_on_error=False, executor='parallel', parallel_workers=8, event_handlers=None, ignore_user_meta=False, metas=['./colcon.meta'], base_paths=['.'], packages_ignore=None, packages_ignore_regex=None, paths=None, packages_up_to=None, packages_up_to_regex=None, packages_above=None, packages_above_and_dependencies=None, packages_above_depth=None, packages_select_by_dep=None, packages_skip_by_dep=None, packages_skip_up_to=None, packages_select_build_failed=False, packages_skip_build_finished=False, packages_select_test_failures=False, packages_skip_test_passed=False, packages_select=None, packages_skip=None, packages_select_regex=None, packages_skip_regex=None, packages_start=None, packages_end=None, allow_overriding=[], cmake_args=None, cmake_target=None, cmake_target_skip_unavailable=False, cmake_clean_cache=False, cmake_clean_first=False, cmake_force_configure=False, ament_cmake_args=None, catkin_cmake_args=None, catkin_skip_building_tests=False, verb_parser=<colcon_defaults.argument_parser.defaults.DefaultArgumentsDecorator object at 0x7f01976300a0>, verb_extension=<colcon_core.verb.build.BuildVerb object at 0x7f0197729570>, main=<bound method BuildVerb.main of <colcon_core.verb.build.BuildVerb object at 0x7f0197729570>>)
[0.939s] Level 1:colcon.colcon_core.package_discovery:discover_packages(colcon_meta) check parameters
[0.939s] Level 1:colcon.colcon_core.package_discovery:discover_packages(recursive) check parameters
[0.939s] Level 1:colcon.colcon_core.package_discovery:discover_packages(ignore) check parameters
[0.940s] Level 1:colcon.colcon_core.package_discovery:discover_packages(path) check parameters
[0.940s] Level 1:colcon.colcon_core.package_discovery:discover_packages(colcon_meta) discover
[0.940s] Level 1:colcon.colcon_core.package_discovery:discover_packages(recursive) discover
[0.940s] INFO:colcon.colcon_core.package_discovery:Crawling recursively for packages in '/home/ismail01/ros2_ws'
[0.940s] Level 1:colcon.colcon_core.package_identification:_identify(.) by extensions ['ignore', 'ignore_ament_install']
[0.940s] Level 1:colcon.colcon_core.package_identification:_identify(.) by extension 'ignore'
[0.940s] Level 1:colcon.colcon_core.package_identification:_identify(.) by extension 'ignore_ament_install'
[0.941s] Level 1:colcon.colcon_core.package_identification:_identify(.) by extensions ['colcon_pkg']
[0.941s] Level 1:colcon.colcon_core.package_identification:_identify(.) by extension 'colcon_pkg'
[0.941s] Level 1:colcon.colcon_core.package_identification:_identify(.) by extensions ['colcon_meta']
[0.941s] Level 1:colcon.colcon_core.package_identification:_identify(.) by extension 'colcon_meta'
[0.941s] Level 1:colcon.colcon_core.package_identification:_identify(.) by extensions ['ros']
[0.941s] Level 1:colcon.colcon_core.package_identification:_identify(.) by extension 'ros'
[0.965s] Level 1:colcon.colcon_core.package_identification:_identify(.) by extensions ['cmake', 'python']
[0.965s] Level 1:colcon.colcon_core.package_identification:_identify(.) by extension 'cmake'
[0.965s] Level 1:colcon.colcon_core.package_identification:_identify(.) by extension 'python'
[0.965s] Level 1:colcon.colcon_core.package_identification:_identify(.) by extensions ['python_setup_py']
[0.965s] Level 1:colcon.colcon_core.package_identification:_identify(.) by extension 'python_setup_py'
[0.966s] Level 1:colcon.colcon_core.package_identification:_identify(build) by extensions ['ignore', 'ignore_ament_install']
[0.966s] Level 1:colcon.colcon_core.package_identification:_identify(build) by extension 'ignore'
[0.966s] Level 1:colcon.colcon_core.package_identification:_identify(build) ignored
[0.967s] Level 1:colcon.colcon_core.package_identification:_identify(install) by extensions ['ignore', 'ignore_ament_install']
[0.967s] Level 1:colcon.colcon_core.package_identification:_identify(install) by extension 'ignore'
[0.967s] Level 1:colcon.colcon_core.package_identification:_identify(install) ignored
[0.968s] Level 1:colcon.colcon_core.package_identification:_identify(log) by extensions ['ignore', 'ignore_ament_install']
[0.968s] Level 1:colcon.colcon_core.package_identification:_identify(log) by extension 'ignore'
[0.968s] Level 1:colcon.colcon_core.package_identification:_identify(log) ignored
[0.968s] Level 1:colcon.colcon_core.package_identification:_identify(src) by extensions ['ignore', 'ignore_ament_install']
[0.968s] Level 1:colcon.colcon_core.package_identification:_identify(src) by extension 'ignore'
[0.969s] Level 1:colcon.colcon_core.package_identification:_identify(src) by extension 'ignore_ament_install'
[0.969s] Level 1:colcon.colcon_core.package_identification:_identify(src) by extensions ['colcon_pkg']
[0.969s] Level 1:colcon.colcon_core.package_identification:_identify(src) by extension 'colcon_pkg'
[0.969s] Level 1:colcon.colcon_core.package_identification:_identify(src) by extensions ['colcon_meta']
[0.969s] Level 1:colcon.colcon_core.package_identification:_identify(src) by extension 'colcon_meta'
[0.969s] Level 1:colcon.colcon_core.package_identification:_identify(src) by extensions ['ros']
[0.969s] Level 1:colcon.colcon_core.package_identification:_identify(src) by extension 'ros'
[0.969s] Level 1:colcon.colcon_core.package_identification:_identify(src) by extensions ['cmake', 'python']
[0.969s] Level 1:colcon.colcon_core.package_identification:_identify(src) by extension 'cmake'
[0.969s] Level 1:colcon.colcon_core.package_identification:_identify(src) by extension 'python'
[0.970s] Level 1:colcon.colcon_core.package_identification:_identify(src) by extensions ['python_setup_py']
[0.970s] Level 1:colcon.colcon_core.package_identification:_identify(src) by extension 'python_setup_py'
[0.970s] Level 1:colcon.colcon_core.package_identification:_identify(src/my_robot_sim) by extensions ['ignore', 'ignore_ament_install']
[0.970s] Level 1:colcon.colcon_core.package_identification:_identify(src/my_robot_sim) by extension 'ignore'
[0.970s] Level 1:colcon.colcon_core.package_identification:_identify(src/my_robot_sim) by extension 'ignore_ament_install'
[0.970s] Level 1:colcon.colcon_core.package_identification:_identify(src/my_robot_sim) by extensions ['colcon_pkg']
[0.970s] Level 1:colcon.colcon_core.package_identification:_identify(src/my_robot_sim) by extension 'colcon_pkg'
[0.970s] Level 1:colcon.colcon_core.package_identification:_identify(src/my_robot_sim) by extensions ['colcon_meta']
[0.970s] Level 1:colcon.colcon_core.package_identification:_identify(src/my_robot_sim) by extension 'colcon_meta'
[0.970s] Level 1:colcon.colcon_core.package_identification:_identify(src/my_robot_sim) by extensions ['ros']
[0.971s] Level 1:colcon.colcon_core.package_identification:_identify(src/my_robot_sim) by extension 'ros'
[0.976s] DEBUG:colcon.colcon_core.package_identification:Package 'src/my_robot_sim' with type 'ros.ament_python' and name 'my_robot_sim'
[0.976s] Level 1:colcon.colcon_core.package_discovery:discover_packages(recursive) using defaults
[0.977s] Level 1:colcon.colcon_core.package_discovery:discover_packages(ignore) discover
[0.977s] Level 1:colcon.colcon_core.package_discovery:discover_packages(ignore) using defaults
[0.977s] Level 1:colcon.colcon_core.package_discovery:discover_packages(path) discover
[0.977s] Level 1:colcon.colcon_core.package_discovery:discover_packages(path) using defaults
[1.048s] Level 1:colcon.colcon_core.package_discovery:discover_packages(prefix_path) check parameters
[1.049s] Level 1:colcon.colcon_core.package_discovery:discover_packages(prefix_path) discover
[1.053s] DEBUG:colcon.colcon_installed_package_information.package_discovery:Found 1 installed packages in /home/ismail01/ros2_ws/install
[1.056s] DEBUG:colcon.colcon_installed_package_information.package_discovery:Found 418 installed packages in /opt/ros/humble
[1.060s] Level 1:colcon.colcon_core.package_discovery:discover_packages(prefix_path) using defaults
[1.214s] Level 5:colcon.colcon_core.verb:set package 'my_robot_sim' build argument 'cmake_args' from command line to 'None'
[1.214s] Level 5:colcon.colcon_core.verb:set package 'my_robot_sim' build argument 'cmake_target' from command line to 'None'
[1.214s] Level 5:colcon.colcon_core.verb:set package 'my_robot_sim' build argument 'cmake_target_skip_unavailable' from command line to 'False'
[1.215s] Level 5:colcon.colcon_core.verb:set package 'my_robot_sim' build argument 'cmake_clean_cache' from command line to 'False'
[1.215s] Level 5:colcon.colcon_core.verb:set package 'my_robot_sim' build argument 'cmake_clean_first' from command line to 'False'
[1.215s] Level 5:colcon.colcon_core.verb:set package 'my_robot_sim' build argument 'cmake_force_configure' from command line to 'False'
[1.215s] Level 5:colcon.colcon_core.verb:set package 'my_robot_sim' build argument 'ament_cmake_args' from command line to 'None'
[1.215s] Level 5:colcon.colcon_core.verb:set package 'my_robot_sim' build argument 'catkin_cmake_args' from command line to 'None'
[1.215s] Level 5:colcon.colcon_core.verb:set package 'my_robot_sim' build argument 'catkin_skip_building_tests' from command line to 'False'
[1.215s] DEBUG:colcon.colcon_core.verb:Building package 'my_robot_sim' with the following arguments: {'ament_cmake_args': None, 'build_base': '/home/ismail01/ros2_ws/build/my_robot_sim', 'catkin_cmake_args': None, 'catkin_skip_building_tests': False, 'cmake_args': None, 'cmake_clean_cache': False, 'cmake_clean_first': False, 'cmake_force_configure': False, 'cmake_target': None, 'cmake_target_skip_unavailable': False, 'install_base': '/home/ismail01/ros2_ws/install/my_robot_sim', 'merge_install': False, 'path': '/home/ismail01/ros2_ws/src/my_robot_sim', 'symlink_install': True, 'test_result_base': None}
[1.215s] INFO:colcon.colcon_core.executor:Executing jobs using 'parallel' executor
[1.220s] DEBUG:colcon.colcon_parallel_executor.executor.parallel:run_until_complete
[1.222s] INFO:colcon.colcon_ros.task.ament_python.build:Building ROS package in '/home/ismail01/ros2_ws/src/my_robot_sim' with build type 'ament_python'
[1.222s] Level 1:colcon.colcon_core.shell:create_environment_hook('my_robot_sim', 'ament_prefix_path')
[1.234s] INFO:colcon.colcon_core.plugin_system:Skipping extension 'colcon_core.shell.bat': Not used on non-Windows systems
[1.235s] INFO:colcon.colcon_core.shell:Creating environment hook '/home/ismail01/ros2_ws/install/my_robot_sim/share/my_robot_sim/hook/ament_prefix_path.ps1'
[1.237s] INFO:colcon.colcon_core.shell:Creating environment descriptor '/home/ismail01/ros2_ws/install/my_robot_sim/share/my_robot_sim/hook/ament_prefix_path.dsv'
[1.238s] INFO:colcon.colcon_core.shell:Creating environment hook '/home/ismail01/ros2_ws/install/my_robot_sim/share/my_robot_sim/hook/ament_prefix_path.sh'
[1.245s] INFO:colcon.colcon_core.shell:Skip shell extension 'powershell' for command environment: Not usable outside of PowerShell
[1.246s] DEBUG:colcon.colcon_core.shell:Skip shell extension 'dsv' for command environment
[2.078s] INFO:colcon.colcon_core.task.python.build:Building Python package in '/home/ismail01/ros2_ws/src/my_robot_sim'
[2.079s] INFO:colcon.colcon_core.shell:Skip shell extension 'powershell' for command environment: Not usable outside of PowerShell
[2.079s] DEBUG:colcon.colcon_core.shell:Skip shell extension 'dsv' for command environment
[3.064s] DEBUG:colcon.colcon_core.event_handler.log_command:Invoking command in '/home/ismail01/ros2_ws/build/my_robot_sim': PYTHONPATH=/home/ismail01/ros2_ws/build/my_robot_sim/prefix_override:/usr/lib/python3/dist-packages/colcon_core/task/python/colcon_distutils_commands:/home/ismail01/ros2_ws/install/my_robot_sim/lib/python3.10/site-packages:${PYTHONPATH} /usr/bin/python3 -W ignore:setup.py install is deprecated -W ignore:easy_install command is deprecated setup.py develop --editable --build-directory /home/ismail01/ros2_ws/build/my_robot_sim/build --no-deps symlink_data
[4.188s] Level 1:colcon.colcon_core.shell:create_environment_hook('my_robot_sim', 'pythonpath_develop')
[4.189s] INFO:colcon.colcon_core.shell:Creating environment hook '/home/ismail01/ros2_ws/build/my_robot_sim/share/my_robot_sim/hook/pythonpath_develop.ps1'
[4.190s] DEBUG:colcon.colcon_core.event_handler.log_command:Invoked command in '/home/ismail01/ros2_ws/build/my_robot_sim' returned '0': PYTHONPATH=/home/ismail01/ros2_ws/build/my_robot_sim/prefix_override:/usr/lib/python3/dist-packages/colcon_core/task/python/colcon_distutils_commands:/home/ismail01/ros2_ws/install/my_robot_sim/lib/python3.10/site-packages:${PYTHONPATH} /usr/bin/python3 -W ignore:setup.py install is deprecated -W ignore:easy_install command is deprecated setup.py develop --editable --build-directory /home/ismail01/ros2_ws/build/my_robot_sim/build --no-deps symlink_data
[4.192s] INFO:colcon.colcon_core.shell:Creating environment descriptor '/home/ismail01/ros2_ws/build/my_robot_sim/share/my_robot_sim/hook/pythonpath_develop.dsv'
[4.193s] INFO:colcon.colcon_core.shell:Creating environment hook '/home/ismail01/ros2_ws/build/my_robot_sim/share/my_robot_sim/hook/pythonpath_develop.sh'
[4.200s] Level 1:colcon.colcon_core.environment:checking '/home/ismail01/ros2_ws/install/my_robot_sim' for CMake module files
[4.201s] Level 1:colcon.colcon_core.environment:checking '/home/ismail01/ros2_ws/install/my_robot_sim' for CMake config files
[4.204s] Level 1:colcon.colcon_core.environment:checking '/home/ismail01/ros2_ws/install/my_robot_sim/lib'
[4.205s] Level 1:colcon.colcon_core.environment:checking '/home/ismail01/ros2_ws/install/my_robot_sim/bin'
[4.206s] Level 1:colcon.colcon_core.environment:checking '/home/ismail01/ros2_ws/install/my_robot_sim/lib/pkgconfig/my_robot_sim.pc'
[4.206s] Level 1:colcon.colcon_core.environment:checking '/home/ismail01/ros2_ws/install/my_robot_sim/lib/python3.10/site-packages'
[4.207s] Level 1:colcon.colcon_core.shell:create_environment_hook('my_robot_sim', 'pythonpath')
[4.207s] INFO:colcon.colcon_core.shell:Creating environment hook '/home/ismail01/ros2_ws/install/my_robot_sim/share/my_robot_sim/hook/pythonpath.ps1'
[4.209s] INFO:colcon.colcon_core.shell:Creating environment descriptor '/home/ismail01/ros2_ws/install/my_robot_sim/share/my_robot_sim/hook/pythonpath.dsv'
[4.211s] INFO:colcon.colcon_core.shell:Creating environment hook '/home/ismail01/ros2_ws/install/my_robot_sim/share/my_robot_sim/hook/pythonpath.sh'
[4.215s] Level 1:colcon.colcon_core.environment:checking '/home/ismail01/ros2_ws/install/my_robot_sim/bin'
[4.215s] Level 1:colcon.colcon_core.environment:create_environment_scripts_only(my_robot_sim)
[4.216s] INFO:colcon.colcon_core.shell:Creating package script '/home/ismail01/ros2_ws/install/my_robot_sim/share/my_robot_sim/package.ps1'
[4.220s] INFO:colcon.colcon_core.shell:Creating package descriptor '/home/ismail01/ros2_ws/install/my_robot_sim/share/my_robot_sim/package.dsv'
[4.223s] INFO:colcon.colcon_core.shell:Creating package script '/home/ismail01/ros2_ws/install/my_robot_sim/share/my_robot_sim/package.sh'
[4.225s] INFO:colcon.colcon_core.shell:Creating package script '/home/ismail01/ros2_ws/install/my_robot_sim/share/my_robot_sim/package.bash'
[4.228s] INFO:colcon.colcon_core.shell:Creating package script '/home/ismail01/ros2_ws/install/my_robot_sim/share/my_robot_sim/package.zsh'
[4.230s] Level 1:colcon.colcon_core.environment:create_file_with_runtime_dependencies(/home/ismail01/ros2_ws/install/my_robot_sim/share/colcon-core/packages/my_robot_sim)
[4.231s] DEBUG:colcon.colcon_parallel_executor.executor.parallel:closing loop
[4.234s] DEBUG:colcon.colcon_parallel_executor.executor.parallel:loop closed
[4.235s] DEBUG:colcon.colcon_parallel_executor.executor.parallel:run_until_complete finished with '0'
[4.236s] DEBUG:colcon.colcon_core.event_reactor:joining thread
[4.372s] INFO:colcon.colcon_core.plugin_system:Skipping extension 'colcon_notification.desktop_notification.notify_send': Could not find 'notify-send'
[4.372s] INFO:colcon.colcon_core.plugin_system:Skipping extension 'colcon_notification.desktop_notification.terminal_notifier': Not used on non-Darwin systems
[4.373s] INFO:colcon.colcon_core.plugin_system:Skipping extension 'colcon_notification.desktop_notification.win32': Not used on non-Windows systems
[4.373s] INFO:colcon.colcon_notification.desktop_notification:Sending desktop notification using 'notify2'
[4.374s] DEBUG:colcon.colcon_notification.desktop_notification.notify2:Failed to initialize notify2: org.freedesktop.DBus.Error.FileNotFound: Failed to connect to socket /run/user/1000/bus: No such file or directory
[4.374s] DEBUG:colcon.colcon_core.event_reactor:joined thread
[4.375s] INFO:colcon.colcon_core.shell:Creating prefix script '/home/ismail01/ros2_ws/install/local_setup.ps1'
[4.381s] INFO:colcon.colcon_core.shell:Creating prefix util module '/home/ismail01/ros2_ws/install/_local_setup_util_ps1.py'
[4.386s] INFO:colcon.colcon_core.shell:Creating prefix chain script '/home/ismail01/ros2_ws/install/setup.ps1'
[4.390s] INFO:colcon.colcon_core.shell:Creating prefix script '/home/ismail01/ros2_ws/install/local_setup.sh'
[4.393s] INFO:colcon.colcon_core.shell:Creating prefix util module '/home/ismail01/ros2_ws/install/_local_setup_util_sh.py'
[4.395s] INFO:colcon.colcon_core.shell:Creating prefix chain script '/home/ismail01/ros2_ws/install/setup.sh'
[4.400s] INFO:colcon.colcon_core.shell:Creating prefix script '/home/ismail01/ros2_ws/install/local_setup.bash'
[4.411s] INFO:colcon.colcon_core.shell:Creating prefix chain script '/home/ismail01/ros2_ws/install/setup.bash'
[4.416s] INFO:colcon.colcon_core.shell:Creating prefix script '/home/ismail01/ros2_ws/install/local_setup.zsh'
[4.437s] INFO:colcon.colcon_core.shell:Creating prefix chain script '/home/ismail01/ros2_ws/install/setup.zsh'
