[2.341s] Invoking command in '/home/ismail01/ros2_ws/build/my_robot_sim': PYTHONPATH=/home/ismail01/ros2_ws/build/my_robot_sim/prefix_override:/usr/lib/python3/dist-packages/colcon_core/task/python/colcon_distutils_commands:/home/ismail01/ros2_ws/install/my_robot_sim/lib/python3.10/site-packages:${PYTHONPATH} /usr/bin/python3 -W ignore:setup.py install is deprecated -W ignore:easy_install command is deprecated setup.py develop --editable --build-directory /home/ismail01/ros2_ws/build/my_robot_sim/build --no-deps symlink_data
[3.063s] running develop
[3.433s] running egg_info
[3.433s] creating my_robot_sim.egg-info
[3.436s] writing my_robot_sim.egg-info/PKG-INFO
[3.437s] writing dependency_links to my_robot_sim.egg-info/dependency_links.txt
[3.437s] writing entry points to my_robot_sim.egg-info/entry_points.txt
[3.438s] writing requirements to my_robot_sim.egg-info/requires.txt
[3.438s] writing top-level names to my_robot_sim.egg-info/top_level.txt
[3.439s] writing manifest file 'my_robot_sim.egg-info/SOURCES.txt'
[3.452s] reading manifest file 'my_robot_sim.egg-info/SOURCES.txt'
[3.455s] writing manifest file 'my_robot_sim.egg-info/SOURCES.txt'
[3.461s] running build_ext
[3.462s] Creating /home/ismail01/ros2_ws/install/my_robot_sim/lib/python3.10/site-packages/my-robot-sim.egg-link (link to .)
[3.466s] 
[3.467s] Installed /home/ismail01/ros2_ws/build/my_robot_sim
[3.467s] running symlink_data
[3.468s] creating /home/ismail01/ros2_ws/install/my_robot_sim/share/ament_index
[3.468s] creating /home/ismail01/ros2_ws/install/my_robot_sim/share/ament_index/resource_index
[3.469s] creating /home/ismail01/ros2_ws/install/my_robot_sim/share/ament_index/resource_index/packages
[3.471s] symbolically linking /home/ismail01/ros2_ws/build/my_robot_sim/resource/my_robot_sim -> /home/ismail01/ros2_ws/install/my_robot_sim/share/ament_index/resource_index/packages
[3.474s] symbolically linking /home/ismail01/ros2_ws/build/my_robot_sim/package.xml -> /home/ismail01/ros2_ws/install/my_robot_sim/share/my_robot_sim
[3.613s] Invoked command in '/home/ismail01/ros2_ws/build/my_robot_sim' returned '0': PYTHONPATH=/home/ismail01/ros2_ws/build/my_robot_sim/prefix_override:/usr/lib/python3/dist-packages/colcon_core/task/python/colcon_distutils_commands:/home/ismail01/ros2_ws/install/my_robot_sim/lib/python3.10/site-packages:${PYTHONPATH} /usr/bin/python3 -W ignore:setup.py install is deprecated -W ignore:easy_install command is deprecated setup.py develop --editable --build-directory /home/ismail01/ros2_ws/build/my_robot_sim/build --no-deps symlink_data
