[0.644s] DEBUG:colcon:Command line arguments: ['/usr/bin/colcon', 'build', '--symlink-install']
[0.645s] DEBUG:colcon:Parsed command line arguments: Namespace(log_base=None, log_level=None, verb_name='build', build_base='build', install_base='install', merge_install=False, symlink_install=True, test_result_base=None, continue_on_error=False, executor='parallel', parallel_workers=8, event_handlers=None, ignore_user_meta=False, metas=['./colcon.meta'], base_paths=['.'], packages_ignore=None, packages_ignore_regex=None, paths=None, packages_up_to=None, packages_up_to_regex=None, packages_above=None, packages_above_and_dependencies=None, packages_above_depth=None, packages_select_by_dep=None, packages_skip_by_dep=None, packages_skip_up_to=None, packages_select_build_failed=False, packages_skip_build_finished=False, packages_select_test_failures=False, packages_skip_test_passed=False, packages_select=None, packages_skip=None, packages_select_regex=None, packages_skip_regex=None, packages_start=None, packages_end=None, allow_overriding=[], cmake_args=None, cmake_target=None, cmake_target_skip_unavailable=False, cmake_clean_cache=False, cmake_clean_first=False, cmake_force_configure=False, ament_cmake_args=None, catkin_cmake_args=None, catkin_skip_building_tests=False, verb_parser=<colcon_defaults.argument_parser.defaults.DefaultArgumentsDecorator object at 0x7f15f00980a0>, verb_extension=<colcon_core.verb.build.BuildVerb object at 0x7f15f018d570>, main=<bound method BuildVerb.main of <colcon_core.verb.build.BuildVerb object at 0x7f15f018d570>>)
[0.999s] Level 1:colcon.colcon_core.package_discovery:discover_packages(colcon_meta) check parameters
[1.000s] Level 1:colcon.colcon_core.package_discovery:discover_packages(recursive) check parameters
[1.000s] Level 1:colcon.colcon_core.package_discovery:discover_packages(ignore) check parameters
[1.000s] Level 1:colcon.colcon_core.package_discovery:discover_packages(path) check parameters
[1.000s] Level 1:colcon.colcon_core.package_discovery:discover_packages(colcon_meta) discover
[1.000s] Level 1:colcon.colcon_core.package_discovery:discover_packages(recursive) discover
[1.000s] INFO:colcon.colcon_core.package_discovery:Crawling recursively for packages in '/home/ismail01/ros2_ws'
[1.000s] Level 1:colcon.colcon_core.package_identification:_identify(.) by extensions ['ignore', 'ignore_ament_install']
[1.000s] Level 1:colcon.colcon_core.package_identification:_identify(.) by extension 'ignore'
[1.001s] Level 1:colcon.colcon_core.package_identification:_identify(.) by extension 'ignore_ament_install'
[1.001s] Level 1:colcon.colcon_core.package_identification:_identify(.) by extensions ['colcon_pkg']
[1.001s] Level 1:colcon.colcon_core.package_identification:_identify(.) by extension 'colcon_pkg'
[1.001s] Level 1:colcon.colcon_core.package_identification:_identify(.) by extensions ['colcon_meta']
[1.001s] Level 1:colcon.colcon_core.package_identification:_identify(.) by extension 'colcon_meta'
[1.001s] Level 1:colcon.colcon_core.package_identification:_identify(.) by extensions ['ros']
[1.001s] Level 1:colcon.colcon_core.package_identification:_identify(.) by extension 'ros'
[1.026s] Level 1:colcon.colcon_core.package_identification:_identify(.) by extensions ['cmake', 'python']
[1.027s] Level 1:colcon.colcon_core.package_identification:_identify(.) by extension 'cmake'
[1.027s] Level 1:colcon.colcon_core.package_identification:_identify(.) by extension 'python'
[1.027s] Level 1:colcon.colcon_core.package_identification:_identify(.) by extensions ['python_setup_py']
[1.027s] Level 1:colcon.colcon_core.package_identification:_identify(.) by extension 'python_setup_py'
[1.027s] Level 1:colcon.colcon_core.package_identification:_identify(build) by extensions ['ignore', 'ignore_ament_install']
[1.027s] Level 1:colcon.colcon_core.package_identification:_identify(build) by extension 'ignore'
[1.028s] Level 1:colcon.colcon_core.package_identification:_identify(build) ignored
[1.028s] Level 1:colcon.colcon_core.package_identification:_identify(install) by extensions ['ignore', 'ignore_ament_install']
[1.028s] Level 1:colcon.colcon_core.package_identification:_identify(install) by extension 'ignore'
[1.029s] Level 1:colcon.colcon_core.package_identification:_identify(install) ignored
[1.029s] Level 1:colcon.colcon_core.package_identification:_identify(log) by extensions ['ignore', 'ignore_ament_install']
[1.029s] Level 1:colcon.colcon_core.package_identification:_identify(log) by extension 'ignore'
[1.029s] Level 1:colcon.colcon_core.package_identification:_identify(log) ignored
[1.029s] Level 1:colcon.colcon_core.package_identification:_identify(src) by extensions ['ignore', 'ignore_ament_install']
[1.029s] Level 1:colcon.colcon_core.package_identification:_identify(src) by extension 'ignore'
[1.029s] Level 1:colcon.colcon_core.package_identification:_identify(src) by extension 'ignore_ament_install'
[1.030s] Level 1:colcon.colcon_core.package_identification:_identify(src) by extensions ['colcon_pkg']
[1.030s] Level 1:colcon.colcon_core.package_identification:_identify(src) by extension 'colcon_pkg'
[1.030s] Level 1:colcon.colcon_core.package_identification:_identify(src) by extensions ['colcon_meta']
[1.030s] Level 1:colcon.colcon_core.package_identification:_identify(src) by extension 'colcon_meta'
[1.030s] Level 1:colcon.colcon_core.package_identification:_identify(src) by extensions ['ros']
[1.030s] Level 1:colcon.colcon_core.package_identification:_identify(src) by extension 'ros'
[1.030s] Level 1:colcon.colcon_core.package_identification:_identify(src) by extensions ['cmake', 'python']
[1.030s] Level 1:colcon.colcon_core.package_identification:_identify(src) by extension 'cmake'
[1.030s] Level 1:colcon.colcon_core.package_identification:_identify(src) by extension 'python'
[1.031s] Level 1:colcon.colcon_core.package_identification:_identify(src) by extensions ['python_setup_py']
[1.031s] Level 1:colcon.colcon_core.package_identification:_identify(src) by extension 'python_setup_py'
[1.031s] Level 1:colcon.colcon_core.package_identification:_identify(src/my_robot_sim) by extensions ['ignore', 'ignore_ament_install']
[1.031s] Level 1:colcon.colcon_core.package_identification:_identify(src/my_robot_sim) by extension 'ignore'
[1.031s] Level 1:colcon.colcon_core.package_identification:_identify(src/my_robot_sim) by extension 'ignore_ament_install'
[1.031s] Level 1:colcon.colcon_core.package_identification:_identify(src/my_robot_sim) by extensions ['colcon_pkg']
[1.031s] Level 1:colcon.colcon_core.package_identification:_identify(src/my_robot_sim) by extension 'colcon_pkg'
[1.032s] Level 1:colcon.colcon_core.package_identification:_identify(src/my_robot_sim) by extensions ['colcon_meta']
[1.032s] Level 1:colcon.colcon_core.package_identification:_identify(src/my_robot_sim) by extension 'colcon_meta'
[1.032s] Level 1:colcon.colcon_core.package_identification:_identify(src/my_robot_sim) by extensions ['ros']
[1.032s] Level 1:colcon.colcon_core.package_identification:_identify(src/my_robot_sim) by extension 'ros'
[1.038s] DEBUG:colcon.colcon_core.package_identification:Package 'src/my_robot_sim' with type 'ros.ament_python' and name 'my_robot_sim'
[1.038s] Level 1:colcon.colcon_core.package_discovery:discover_packages(recursive) using defaults
[1.038s] Level 1:colcon.colcon_core.package_discovery:discover_packages(ignore) discover
[1.038s] Level 1:colcon.colcon_core.package_discovery:discover_packages(ignore) using defaults
[1.038s] Level 1:colcon.colcon_core.package_discovery:discover_packages(path) discover
[1.038s] Level 1:colcon.colcon_core.package_discovery:discover_packages(path) using defaults
[1.114s] Level 1:colcon.colcon_core.package_discovery:discover_packages(prefix_path) check parameters
[1.114s] Level 1:colcon.colcon_core.package_discovery:discover_packages(prefix_path) discover
[1.118s] DEBUG:colcon.colcon_installed_package_information.package_discovery:Found 1 installed packages in /home/ismail01/ros2_ws/install
[1.122s] DEBUG:colcon.colcon_installed_package_information.package_discovery:Found 418 installed packages in /opt/ros/humble
[1.126s] Level 1:colcon.colcon_core.package_discovery:discover_packages(prefix_path) using defaults
[1.253s] Level 5:colcon.colcon_core.verb:set package 'my_robot_sim' build argument 'cmake_args' from command line to 'None'
[1.253s] Level 5:colcon.colcon_core.verb:set package 'my_robot_sim' build argument 'cmake_target' from command line to 'None'
[1.253s] Level 5:colcon.colcon_core.verb:set package 'my_robot_sim' build argument 'cmake_target_skip_unavailable' from command line to 'False'
[1.254s] Level 5:colcon.colcon_core.verb:set package 'my_robot_sim' build argument 'cmake_clean_cache' from command line to 'False'
[1.254s] Level 5:colcon.colcon_core.verb:set package 'my_robot_sim' build argument 'cmake_clean_first' from command line to 'False'
[1.254s] Level 5:colcon.colcon_core.verb:set package 'my_robot_sim' build argument 'cmake_force_configure' from command line to 'False'
[1.254s] Level 5:colcon.colcon_core.verb:set package 'my_robot_sim' build argument 'ament_cmake_args' from command line to 'None'
[1.254s] Level 5:colcon.colcon_core.verb:set package 'my_robot_sim' build argument 'catkin_cmake_args' from command line to 'None'
[1.254s] Level 5:colcon.colcon_core.verb:set package 'my_robot_sim' build argument 'catkin_skip_building_tests' from command line to 'False'
[1.254s] DEBUG:colcon.colcon_core.verb:Building package 'my_robot_sim' with the following arguments: {'ament_cmake_args': None, 'build_base': '/home/ismail01/ros2_ws/build/my_robot_sim', 'catkin_cmake_args': None, 'catkin_skip_building_tests': False, 'cmake_args': None, 'cmake_clean_cache': False, 'cmake_clean_first': False, 'cmake_force_configure': False, 'cmake_target': None, 'cmake_target_skip_unavailable': False, 'install_base': '/home/ismail01/ros2_ws/install/my_robot_sim', 'merge_install': False, 'path': '/home/ismail01/ros2_ws/src/my_robot_sim', 'symlink_install': True, 'test_result_base': None}
[1.255s] INFO:colcon.colcon_core.executor:Executing jobs using 'parallel' executor
[1.258s] DEBUG:colcon.colcon_parallel_executor.executor.parallel:run_until_complete
[1.259s] INFO:colcon.colcon_ros.task.ament_python.build:Building ROS package in '/home/ismail01/ros2_ws/src/my_robot_sim' with build type 'ament_python'
[1.260s] Level 1:colcon.colcon_core.shell:create_environment_hook('my_robot_sim', 'ament_prefix_path')
[1.268s] INFO:colcon.colcon_core.plugin_system:Skipping extension 'colcon_core.shell.bat': Not used on non-Windows systems
[1.269s] INFO:colcon.colcon_core.shell:Creating environment hook '/home/ismail01/ros2_ws/install/my_robot_sim/share/my_robot_sim/hook/ament_prefix_path.ps1'
[1.271s] INFO:colcon.colcon_core.shell:Creating environment descriptor '/home/ismail01/ros2_ws/install/my_robot_sim/share/my_robot_sim/hook/ament_prefix_path.dsv'
[1.274s] INFO:colcon.colcon_core.shell:Creating environment hook '/home/ismail01/ros2_ws/install/my_robot_sim/share/my_robot_sim/hook/ament_prefix_path.sh'
[1.279s] INFO:colcon.colcon_core.shell:Skip shell extension 'powershell' for command environment: Not usable outside of PowerShell
[1.280s] DEBUG:colcon.colcon_core.shell:Skip shell extension 'dsv' for command environment
[2.015s] INFO:colcon.colcon_core.task.python.build:Building Python package in '/home/ismail01/ros2_ws/src/my_robot_sim'
[2.016s] INFO:colcon.colcon_core.shell:Skip shell extension 'powershell' for command environment: Not usable outside of PowerShell
[2.016s] DEBUG:colcon.colcon_core.shell:Skip shell extension 'dsv' for command environment
[3.039s] DEBUG:colcon.colcon_core.event_handler.log_command:Invoking command in '/home/ismail01/ros2_ws/build/my_robot_sim': PYTHONPATH=/home/ismail01/ros2_ws/build/my_robot_sim/prefix_override:/usr/lib/python3/dist-packages/colcon_core/task/python/colcon_distutils_commands:/home/ismail01/ros2_ws/install/my_robot_sim/lib/python3.10/site-packages:${PYTHONPATH} /usr/bin/python3 -W ignore:setup.py install is deprecated -W ignore:easy_install command is deprecated setup.py develop --editable --build-directory /home/ismail01/ros2_ws/build/my_robot_sim/build --no-deps symlink_data
[4.220s] Level 1:colcon.colcon_core.shell:create_environment_hook('my_robot_sim', 'pythonpath_develop')
[4.220s] INFO:colcon.colcon_core.shell:Creating environment hook '/home/ismail01/ros2_ws/build/my_robot_sim/share/my_robot_sim/hook/pythonpath_develop.ps1'
[4.223s] DEBUG:colcon.colcon_core.event_handler.log_command:Invoked command in '/home/ismail01/ros2_ws/build/my_robot_sim' returned '0': PYTHONPATH=/home/ismail01/ros2_ws/build/my_robot_sim/prefix_override:/usr/lib/python3/dist-packages/colcon_core/task/python/colcon_distutils_commands:/home/ismail01/ros2_ws/install/my_robot_sim/lib/python3.10/site-packages:${PYTHONPATH} /usr/bin/python3 -W ignore:setup.py install is deprecated -W ignore:easy_install command is deprecated setup.py develop --editable --build-directory /home/ismail01/ros2_ws/build/my_robot_sim/build --no-deps symlink_data
[4.225s] INFO:colcon.colcon_core.shell:Creating environment descriptor '/home/ismail01/ros2_ws/build/my_robot_sim/share/my_robot_sim/hook/pythonpath_develop.dsv'
[4.228s] INFO:colcon.colcon_core.shell:Creating environment hook '/home/ismail01/ros2_ws/build/my_robot_sim/share/my_robot_sim/hook/pythonpath_develop.sh'
[4.255s] Level 1:colcon.colcon_core.environment:checking '/home/ismail01/ros2_ws/install/my_robot_sim' for CMake module files
[4.257s] Level 1:colcon.colcon_core.environment:checking '/home/ismail01/ros2_ws/install/my_robot_sim' for CMake config files
[4.260s] Level 1:colcon.colcon_core.environment:checking '/home/ismail01/ros2_ws/install/my_robot_sim/lib'
[4.262s] Level 1:colcon.colcon_core.environment:checking '/home/ismail01/ros2_ws/install/my_robot_sim/bin'
[4.263s] Level 1:colcon.colcon_core.environment:checking '/home/ismail01/ros2_ws/install/my_robot_sim/lib/pkgconfig/my_robot_sim.pc'
[4.264s] Level 1:colcon.colcon_core.environment:checking '/home/ismail01/ros2_ws/install/my_robot_sim/lib/python3.10/site-packages'
[4.265s] Level 1:colcon.colcon_core.shell:create_environment_hook('my_robot_sim', 'pythonpath')
[4.268s] INFO:colcon.colcon_core.shell:Creating environment hook '/home/ismail01/ros2_ws/install/my_robot_sim/share/my_robot_sim/hook/pythonpath.ps1'
[4.271s] INFO:colcon.colcon_core.shell:Creating environment descriptor '/home/ismail01/ros2_ws/install/my_robot_sim/share/my_robot_sim/hook/pythonpath.dsv'
[4.274s] INFO:colcon.colcon_core.shell:Creating environment hook '/home/ismail01/ros2_ws/install/my_robot_sim/share/my_robot_sim/hook/pythonpath.sh'
[4.278s] Level 1:colcon.colcon_core.environment:checking '/home/ismail01/ros2_ws/install/my_robot_sim/bin'
[4.278s] Level 1:colcon.colcon_core.environment:create_environment_scripts_only(my_robot_sim)
[4.281s] INFO:colcon.colcon_core.shell:Creating package script '/home/ismail01/ros2_ws/install/my_robot_sim/share/my_robot_sim/package.ps1'
[4.284s] INFO:colcon.colcon_core.shell:Creating package descriptor '/home/ismail01/ros2_ws/install/my_robot_sim/share/my_robot_sim/package.dsv'
[4.285s] INFO:colcon.colcon_core.shell:Creating package script '/home/ismail01/ros2_ws/install/my_robot_sim/share/my_robot_sim/package.sh'
[4.288s] INFO:colcon.colcon_core.shell:Creating package script '/home/ismail01/ros2_ws/install/my_robot_sim/share/my_robot_sim/package.bash'
[4.291s] INFO:colcon.colcon_core.shell:Creating package script '/home/ismail01/ros2_ws/install/my_robot_sim/share/my_robot_sim/package.zsh'
[4.294s] Level 1:colcon.colcon_core.environment:create_file_with_runtime_dependencies(/home/ismail01/ros2_ws/install/my_robot_sim/share/colcon-core/packages/my_robot_sim)
[4.295s] DEBUG:colcon.colcon_parallel_executor.executor.parallel:closing loop
[4.298s] DEBUG:colcon.colcon_parallel_executor.executor.parallel:loop closed
[4.298s] DEBUG:colcon.colcon_parallel_executor.executor.parallel:run_until_complete finished with '0'
[4.299s] DEBUG:colcon.colcon_core.event_reactor:joining thread
[4.423s] INFO:colcon.colcon_core.plugin_system:Skipping extension 'colcon_notification.desktop_notification.notify_send': Could not find 'notify-send'
[4.423s] INFO:colcon.colcon_core.plugin_system:Skipping extension 'colcon_notification.desktop_notification.terminal_notifier': Not used on non-Darwin systems
[4.423s] INFO:colcon.colcon_core.plugin_system:Skipping extension 'colcon_notification.desktop_notification.win32': Not used on non-Windows systems
[4.423s] INFO:colcon.colcon_notification.desktop_notification:Sending desktop notification using 'notify2'
[4.424s] DEBUG:colcon.colcon_notification.desktop_notification.notify2:Failed to initialize notify2: org.freedesktop.DBus.Error.FileNotFound: Failed to connect to socket /run/user/1000/bus: No such file or directory
[4.424s] DEBUG:colcon.colcon_core.event_reactor:joined thread
[4.425s] INFO:colcon.colcon_core.shell:Creating prefix script '/home/ismail01/ros2_ws/install/local_setup.ps1'
[4.427s] INFO:colcon.colcon_core.shell:Creating prefix util module '/home/ismail01/ros2_ws/install/_local_setup_util_ps1.py'
[4.431s] INFO:colcon.colcon_core.shell:Creating prefix chain script '/home/ismail01/ros2_ws/install/setup.ps1'
[4.434s] INFO:colcon.colcon_core.shell:Creating prefix script '/home/ismail01/ros2_ws/install/local_setup.sh'
[4.437s] INFO:colcon.colcon_core.shell:Creating prefix util module '/home/ismail01/ros2_ws/install/_local_setup_util_sh.py'
[4.440s] INFO:colcon.colcon_core.shell:Creating prefix chain script '/home/ismail01/ros2_ws/install/setup.sh'
[4.444s] INFO:colcon.colcon_core.shell:Creating prefix script '/home/ismail01/ros2_ws/install/local_setup.bash'
[4.446s] INFO:colcon.colcon_core.shell:Creating prefix chain script '/home/ismail01/ros2_ws/install/setup.bash'
[4.449s] INFO:colcon.colcon_core.shell:Creating prefix script '/home/ismail01/ros2_ws/install/local_setup.zsh'
[4.451s] INFO:colcon.colcon_core.shell:Creating prefix chain script '/home/ismail01/ros2_ws/install/setup.zsh'
