[1.552s] Invoking command in '/home/ismail01/ros2_ws/build/my_robot_sim': PYTHONPATH=/home/ismail01/ros2_ws/build/my_robot_sim/prefix_override:/usr/lib/python3/dist-packages/colcon_core/task/python/colcon_distutils_commands:/home/ismail01/ros2_ws/install/my_robot_sim/lib/python3.10/site-packages:${PYTHONPATH} /usr/bin/python3 -W ignore:setup.py install is deprecated -W ignore:easy_install command is deprecated setup.py develop --editable --build-directory /home/ismail01/ros2_ws/build/my_robot_sim/build --no-deps symlink_data
[2.076s] running develop
[2.444s] running egg_info
[2.444s] writing my_robot_sim.egg-info/PKG-INFO
[2.446s] writing dependency_links to my_robot_sim.egg-info/dependency_links.txt
[2.447s] writing entry points to my_robot_sim.egg-info/entry_points.txt
[2.447s] writing requirements to my_robot_sim.egg-info/requires.txt
[2.448s] writing top-level names to my_robot_sim.egg-info/top_level.txt
[2.455s] reading manifest file 'my_robot_sim.egg-info/SOURCES.txt'
[2.458s] writing manifest file 'my_robot_sim.egg-info/SOURCES.txt'
[2.461s] running build_ext
[2.461s] Creating /home/ismail01/ros2_ws/install/my_robot_sim/lib/python3.10/site-packages/my-robot-sim.egg-link (link to .)
[2.464s] 
[2.464s] Installed /home/ismail01/ros2_ws/build/my_robot_sim
[2.464s] running symlink_data
[2.464s] creating /home/ismail01/ros2_ws/install/my_robot_sim/share/my_robot_sim/launch
[2.465s] symbolically linking /home/ismail01/ros2_ws/build/my_robot_sim/launch/control.launch.py -> /home/ismail01/ros2_ws/install/my_robot_sim/share/my_robot_sim/launch
[2.466s] creating /home/ismail01/ros2_ws/install/my_robot_sim/share/my_robot_sim/config
[2.467s] symbolically linking /home/ismail01/ros2_ws/build/my_robot_sim/config/diff_drive_controller.yaml -> /home/ismail01/ros2_ws/install/my_robot_sim/share/my_robot_sim/config
[2.468s] creating /home/ismail01/ros2_ws/install/my_robot_sim/share/my_robot_sim/urdf
[2.469s] symbolically linking /home/ismail01/ros2_ws/build/my_robot_sim/urdf/limo_ur5e.xacro -> /home/ismail01/ros2_ws/install/my_robot_sim/share/my_robot_sim/urdf
[2.566s] Invoked command in '/home/ismail01/ros2_ws/build/my_robot_sim' returned '0': PYTHONPATH=/home/ismail01/ros2_ws/build/my_robot_sim/prefix_override:/usr/lib/python3/dist-packages/colcon_core/task/python/colcon_distutils_commands:/home/ismail01/ros2_ws/install/my_robot_sim/lib/python3.10/site-packages:${PYTHONPATH} /usr/bin/python3 -W ignore:setup.py install is deprecated -W ignore:easy_install command is deprecated setup.py develop --editable --build-directory /home/ismail01/ros2_ws/build/my_robot_sim/build --no-deps symlink_data
